<?xml version="1.0" encoding="UTF-8"?>
<coverage generated="1706613939734" clover="3.2.0">
  <project timestamp="1706613939734" name="All files">
    <metrics statements="13" coveredstatements="11" conditionals="1" coveredconditionals="0" methods="8" coveredmethods="6" elements="22" coveredelements="17" complexity="0" loc="13" ncloc="13" packages="2" files="3" classes="3"/>
    <package name="components.BlogCard">
      <metrics statements="6" coveredstatements="4" conditionals="0" coveredconditionals="0" methods="3" coveredmethods="1"/>
      <file name="index.js" path="C:\ecomerse\productApp\app\components\BlogCard\index.js">
        <metrics statements="6" coveredstatements="4" conditionals="0" coveredconditionals="0" methods="3" coveredmethods="1"/>
        <line num="16" count="1" type="stmt"/>
        <line num="17" count="1" type="stmt"/>
        <line num="19" count="0" type="stmt"/>
        <line num="21" count="1" type="stmt"/>
        <line num="26" count="0" type="stmt"/>
        <line num="52" count="1" type="stmt"/>
      </file>
    </package>
    <package name="screens">
      <metrics statements="7" coveredstatements="7" conditionals="1" coveredconditionals="0" methods="5" coveredmethods="5"/>
      <file name="DetailsScreen.js" path="C:\ecomerse\productApp\app\screens\DetailsScreen.js">
        <metrics statements="2" coveredstatements="2" conditionals="0" coveredconditionals="0" methods="1" coveredmethods="1"/>
        <line num="6" count="2" type="stmt"/>
        <line num="7" count="2" type="stmt"/>
      </file>
      <file name="SingleCategoryScreen.js" path="C:\ecomerse\productApp\app\screens\SingleCategoryScreen.js">
        <metrics statements="5" coveredstatements="5" conditionals="1" coveredconditionals="0" methods="4" coveredmethods="4"/>
        <line num="8" count="2" type="cond" truecount="0" falsecount="1"/>
        <line num="9" count="1" type="stmt"/>
        <line num="13" count="1" type="stmt"/>
        <line num="15" count="1" type="stmt"/>
        <line num="24" count="1" type="stmt"/>
      </file>
    </package>
  </project>
</coverage>
