{"C:\\ecomerse\\productApp\\app\\Const\\urls.js": {"path":"C:\\ecomerse\\productApp\\app\\Const\\urls.js","statementMap":{"0":{"start":{"line":1,"column":12},"end":{"line":1,"column":52}},"1":{"start":{"line":2,"column":11},"end":{"line":2,"column":25}}},"fnMap":{},"branchMap":{},"s":{"0":1,"1":1},"f":{},"b":{},"_coverageSchema":"1a1c01bbd47fc00a2c39e90264f33305004495a9","hash":"639fe12e49d9ee73fd56a4456945bb26bb42dc19"}
,"C:\\ecomerse\\productApp\\app\\components\\BlogCard\\index.js": {"path":"C:\\ecomerse\\productApp\\app\\components\\BlogCard\\index.js","statementMap":{"0":{"start":{"line":7,"column":15},"end":{"line":38,"column":2}},"1":{"start":{"line":41,"column":21},"end":{"line":41,"column":36}},"2":{"start":{"line":42,"column":32},"end":{"line":44,"column":3}},"3":{"start":{"line":43,"column":4},"end":{"line":43,"column":44}},"4":{"start":{"line":45,"column":2},"end":{"line":69,"column":4}},"5":{"start":{"line":48,"column":21},"end":{"line":48,"column":63}},"6":{"start":{"line":72,"column":0},"end":{"line":79,"column":2}}},"fnMap":{"0":{"name":"BlogCard","decl":{"start":{"line":40,"column":9},"end":{"line":40,"column":17}},"loc":{"start":{"line":40,"column":28},"end":{"line":70,"column":1}},"line":40},"1":{"name":"(anonymous_1)","decl":{"start":{"line":42,"column":32},"end":{"line":42,"column":33}},"loc":{"start":{"line":42,"column":56},"end":{"line":44,"column":3}},"line":42},"2":{"name":"(anonymous_2)","decl":{"start":{"line":48,"column":15},"end":{"line":48,"column":16}},"loc":{"start":{"line":48,"column":21},"end":{"line":48,"column":63}},"line":48}},"branchMap":{},"s":{"0":3,"1":3,"2":3,"3":1,"4":3,"5":1,"6":3},"f":{"0":3,"1":1,"2":1},"b":{},"_coverageSchema":"1a1c01bbd47fc00a2c39e90264f33305004495a9","hash":"abc014df5df0af0d8931ce8d770e5cd42ce2c712"}
,"C:\\ecomerse\\productApp\\app\\components\\CategoryItem\\index.js": {"path":"C:\\ecomerse\\productApp\\app\\components\\CategoryItem\\index.js","statementMap":{"0":{"start":{"line":8,"column":21},"end":{"line":8,"column":36}},"1":{"start":{"line":10,"column":2},"end":{"line":24,"column":4}},"2":{"start":{"line":14,"column":8},"end":{"line":14,"column":62}},"3":{"start":{"line":27,"column":0},"end":{"line":32,"column":2}}},"fnMap":{"0":{"name":"CategoryItem","decl":{"start":{"line":7,"column":9},"end":{"line":7,"column":21}},"loc":{"start":{"line":7,"column":32},"end":{"line":25,"column":1}},"line":7},"1":{"name":"(anonymous_1)","decl":{"start":{"line":13,"column":15},"end":{"line":13,"column":16}},"loc":{"start":{"line":13,"column":21},"end":{"line":15,"column":7}},"line":13}},"branchMap":{},"s":{"0":2,"1":2,"2":1,"3":2},"f":{"0":2,"1":1},"b":{},"_coverageSchema":"1a1c01bbd47fc00a2c39e90264f33305004495a9","hash":"684d0c8ccf3904b26a941723b6cf5b68dcd23104"}
,"C:\\ecomerse\\productApp\\app\\components\\FullBlog\\index.js": {"path":"C:\\ecomerse\\productApp\\app\\components\\FullBlog\\index.js","statementMap":{"0":{"start":{"line":6,"column":15},"end":{"line":37,"column":2}},"1":{"start":{"line":39,"column":2},"end":{"line":74,"column":4}},"2":{"start":{"line":77,"column":0},"end":{"line":90,"column":2}}},"fnMap":{"0":{"name":"FullBlog","decl":{"start":{"line":38,"column":9},"end":{"line":38,"column":17}},"loc":{"start":{"line":38,"column":28},"end":{"line":75,"column":1}},"line":38}},"branchMap":{},"s":{"0":2,"1":2,"2":2},"f":{"0":2},"b":{},"_coverageSchema":"1a1c01bbd47fc00a2c39e90264f33305004495a9","hash":"791213aeaa3b7ceb973291245603264dbab73964"}
,"C:\\ecomerse\\productApp\\app\\components\\HorizontalList\\index.js": {"path":"C:\\ecomerse\\productApp\\app\\components\\HorizontalList\\index.js","statementMap":{"0":{"start":{"line":11,"column":2},"end":{"line":23,"column":4}},"1":{"start":{"line":17,"column":32},"end":{"line":17,"column":50}},"2":{"start":{"line":19,"column":10},"end":{"line":19,"column":38}},"3":{"start":{"line":26,"column":0},"end":{"line":31,"column":2}}},"fnMap":{"0":{"name":"HorizontalList","decl":{"start":{"line":10,"column":9},"end":{"line":10,"column":23}},"loc":{"start":{"line":10,"column":34},"end":{"line":24,"column":1}},"line":10},"1":{"name":"(anonymous_1)","decl":{"start":{"line":17,"column":22},"end":{"line":17,"column":23}},"loc":{"start":{"line":17,"column":32},"end":{"line":17,"column":50}},"line":17},"2":{"name":"(anonymous_2)","decl":{"start":{"line":18,"column":20},"end":{"line":18,"column":21}},"loc":{"start":{"line":19,"column":10},"end":{"line":19,"column":38}},"line":19}},"branchMap":{},"s":{"0":4,"1":4,"2":2,"3":2},"f":{"0":4,"1":4,"2":2},"b":{},"_coverageSchema":"1a1c01bbd47fc00a2c39e90264f33305004495a9","hash":"02ea5c337f2854100b3d69be5ba8c1f03e188fac"}
,"C:\\ecomerse\\productApp\\app\\redux\\categorySlice.js": {"path":"C:\\ecomerse\\productApp\\app\\redux\\categorySlice.js","statementMap":{"0":{"start":{"line":3,"column":21},"end":{"line":8,"column":1}},"1":{"start":{"line":9,"column":31},"end":{"line":16,"column":1}},"2":{"start":{"line":12,"column":21},"end":{"line":12,"column":84}},"3":{"start":{"line":13,"column":17},"end":{"line":13,"column":38}},"4":{"start":{"line":14,"column":4},"end":{"line":14,"column":16}},"5":{"start":{"line":18,"column":31},"end":{"line":51,"column":2}},"6":{"start":{"line":25,"column":4},"end":{"line":49,"column":9}},"7":{"start":{"line":26,"column":52},"end":{"line":31,"column":7}},"8":{"start":{"line":33,"column":41},"end":{"line":33,"column":46}},"9":{"start":{"line":34,"column":27},"end":{"line":34,"column":32}},"10":{"start":{"line":35,"column":8},"end":{"line":39,"column":10}},"11":{"start":{"line":42,"column":41},"end":{"line":42,"column":46}},"12":{"start":{"line":43,"column":27},"end":{"line":43,"column":32}},"13":{"start":{"line":44,"column":8},"end":{"line":48,"column":10}}},"fnMap":{"0":{"name":"(anonymous_0)","decl":{"start":{"line":11,"column":2},"end":{"line":11,"column":3}},"loc":{"start":{"line":11,"column":14},"end":{"line":15,"column":3}},"line":11},"1":{"name":"(anonymous_1)","decl":{"start":{"line":24,"column":17},"end":{"line":24,"column":18}},"loc":{"start":{"line":24,"column":30},"end":{"line":50,"column":3}},"line":24},"2":{"name":"(anonymous_2)","decl":{"start":{"line":26,"column":40},"end":{"line":26,"column":41}},"loc":{"start":{"line":26,"column":52},"end":{"line":31,"column":7}},"line":26},"3":{"name":"(anonymous_3)","decl":{"start":{"line":32,"column":42},"end":{"line":32,"column":43}},"loc":{"start":{"line":32,"column":61},"end":{"line":40,"column":7}},"line":32},"4":{"name":"(anonymous_4)","decl":{"start":{"line":41,"column":41},"end":{"line":41,"column":42}},"loc":{"start":{"line":41,"column":60},"end":{"line":49,"column":7}},"line":41}},"branchMap":{},"s":{"0":2,"1":2,"2":2,"3":1,"4":1,"5":2,"6":2,"7":2,"8":1,"9":1,"10":1,"11":1,"12":1,"13":1},"f":{"0":2,"1":2,"2":2,"3":1,"4":1},"b":{},"_coverageSchema":"1a1c01bbd47fc00a2c39e90264f33305004495a9","hash":"61687b6982b612e0cbabc9d76f67f2ecac83b416"}
,"C:\\ecomerse\\productApp\\app\\redux\\counterSlice.js": {"path":"C:\\ecomerse\\productApp\\app\\redux\\counterSlice.js","statementMap":{"0":{"start":{"line":3,"column":21},"end":{"line":8,"column":1}},"1":{"start":{"line":9,"column":31},"end":{"line":16,"column":1}},"2":{"start":{"line":12,"column":21},"end":{"line":12,"column":43}},"3":{"start":{"line":13,"column":17},"end":{"line":13,"column":38}},"4":{"start":{"line":14,"column":4},"end":{"line":14,"column":16}},"5":{"start":{"line":18,"column":28},"end":{"line":56,"column":2}},"6":{"start":{"line":25,"column":4},"end":{"line":53,"column":9}},"7":{"start":{"line":27,"column":41},"end":{"line":27,"column":46}},"8":{"start":{"line":28,"column":27},"end":{"line":28,"column":31}},"9":{"start":{"line":29,"column":8},"end":{"line":34,"column":10}},"10":{"start":{"line":37,"column":41},"end":{"line":37,"column":46}},"11":{"start":{"line":38,"column":27},"end":{"line":38,"column":32}},"12":{"start":{"line":39,"column":8},"end":{"line":43,"column":10}},"13":{"start":{"line":46,"column":41},"end":{"line":46,"column":46}},"14":{"start":{"line":47,"column":27},"end":{"line":47,"column":32}},"15":{"start":{"line":48,"column":8},"end":{"line":52,"column":10}},"16":{"start":{"line":59,"column":59},"end":{"line":59,"column":79}}},"fnMap":{"0":{"name":"(anonymous_0)","decl":{"start":{"line":11,"column":2},"end":{"line":11,"column":3}},"loc":{"start":{"line":11,"column":23},"end":{"line":15,"column":3}},"line":11},"1":{"name":"(anonymous_1)","decl":{"start":{"line":24,"column":17},"end":{"line":24,"column":18}},"loc":{"start":{"line":24,"column":30},"end":{"line":54,"column":3}},"line":24},"2":{"name":"(anonymous_2)","decl":{"start":{"line":26,"column":40},"end":{"line":26,"column":41}},"loc":{"start":{"line":26,"column":51},"end":{"line":35,"column":7}},"line":26},"3":{"name":"(anonymous_3)","decl":{"start":{"line":36,"column":42},"end":{"line":36,"column":43}},"loc":{"start":{"line":36,"column":61},"end":{"line":44,"column":7}},"line":36},"4":{"name":"(anonymous_4)","decl":{"start":{"line":45,"column":41},"end":{"line":45,"column":42}},"loc":{"start":{"line":45,"column":60},"end":{"line":53,"column":7}},"line":45}},"branchMap":{},"s":{"0":2,"1":2,"2":2,"3":1,"4":1,"5":2,"6":2,"7":2,"8":2,"9":2,"10":1,"11":1,"12":1,"13":1,"14":1,"15":1,"16":2},"f":{"0":2,"1":2,"2":2,"3":1,"4":1},"b":{},"_coverageSchema":"1a1c01bbd47fc00a2c39e90264f33305004495a9","hash":"c9b73002303cdb90fdf44d57335d4f7e6ea181a8"}
,"C:\\ecomerse\\productApp\\app\\screens\\DetailsScreen.js": {"path":"C:\\ecomerse\\productApp\\app\\screens\\DetailsScreen.js","statementMap":{"0":{"start":{"line":8,"column":15},"end":{"line":8,"column":33}},"1":{"start":{"line":9,"column":2},"end":{"line":15,"column":4}}},"fnMap":{"0":{"name":"DetailsScreen","decl":{"start":{"line":6,"column":9},"end":{"line":6,"column":22}},"loc":{"start":{"line":6,"column":34},"end":{"line":16,"column":1}},"line":6}},"branchMap":{},"s":{"0":1,"1":1},"f":{"0":1},"b":{},"_coverageSchema":"1a1c01bbd47fc00a2c39e90264f33305004495a9","hash":"581ada0fea846daa38c970fc0cda47abcf0454c5"}
,"C:\\ecomerse\\productApp\\app\\screens\\HomeScreen.js": {"path":"C:\\ecomerse\\productApp\\app\\screens\\HomeScreen.js","statementMap":{"0":{"start":{"line":14,"column":15},"end":{"line":49,"column":2}},"1":{"start":{"line":51,"column":19},"end":{"line":51,"column":32}},"2":{"start":{"line":53,"column":2},"end":{"line":57,"column":17}},"3":{"start":{"line":54,"column":4},"end":{"line":54,"column":45}},"4":{"start":{"line":56,"column":4},"end":{"line":56,"column":50}},"5":{"start":{"line":59,"column":36},"end":{"line":59,"column":73}},"6":{"start":{"line":59,"column":59},"end":{"line":59,"column":72}},"7":{"start":{"line":60,"column":25},"end":{"line":60,"column":65}},"8":{"start":{"line":60,"column":48},"end":{"line":60,"column":64}},"9":{"start":{"line":62,"column":2},"end":{"line":81,"column":4}},"10":{"start":{"line":67,"column":10},"end":{"line":67,"column":48}}},"fnMap":{"0":{"name":"HomeScreen","decl":{"start":{"line":50,"column":9},"end":{"line":50,"column":19}},"loc":{"start":{"line":50,"column":22},"end":{"line":82,"column":1}},"line":50},"1":{"name":"(anonymous_1)","decl":{"start":{"line":53,"column":18},"end":{"line":53,"column":19}},"loc":{"start":{"line":53,"column":24},"end":{"line":57,"column":3}},"line":53},"2":{"name":"(anonymous_2)","decl":{"start":{"line":59,"column":48},"end":{"line":59,"column":49}},"loc":{"start":{"line":59,"column":59},"end":{"line":59,"column":72}},"line":59},"3":{"name":"(anonymous_3)","decl":{"start":{"line":60,"column":37},"end":{"line":60,"column":38}},"loc":{"start":{"line":60,"column":48},"end":{"line":60,"column":64}},"line":60},"4":{"name":"(anonymous_4)","decl":{"start":{"line":66,"column":31},"end":{"line":66,"column":32}},"loc":{"start":{"line":67,"column":10},"end":{"line":67,"column":48}},"line":67}},"branchMap":{"0":{"loc":{"start":{"line":66,"column":9},"end":{"line":68,"column":10}},"type":"binary-expr","locations":[{"start":{"line":66,"column":9},"end":{"line":66,"column":17}},{"start":{"line":66,"column":21},"end":{"line":68,"column":10}}],"line":66},"1":{"loc":{"start":{"line":70,"column":9},"end":{"line":76,"column":9}},"type":"binary-expr","locations":[{"start":{"line":70,"column":10},"end":{"line":70,"column":23}},{"start":{"line":71,"column":10},"end":{"line":75,"column":17}}],"line":70}},"s":{"0":1,"1":3,"2":3,"3":2,"4":2,"5":2,"6":4,"7":2,"8":4,"9":2,"10":0},"f":{"0":3,"1":2,"2":4,"3":4,"4":0},"b":{"0":[2,2],"1":[2,1]},"_coverageSchema":"1a1c01bbd47fc00a2c39e90264f33305004495a9","hash":"617cdcb828c371cae9b4b4ebd9ddc2188a021a44"}
,"C:\\ecomerse\\productApp\\app\\screens\\SettingsScreen.js": {"path":"C:\\ecomerse\\productApp\\app\\screens\\SettingsScreen.js","statementMap":{"0":{"start":{"line":8,"column":15},"end":{"line":27,"column":2}},"1":{"start":{"line":29,"column":25},"end":{"line":37,"column":1}},"2":{"start":{"line":30,"column":16},"end":{"line":30,"column":37}},"3":{"start":{"line":31,"column":18},"end":{"line":31,"column":40}},"4":{"start":{"line":32,"column":15},"end":{"line":32,"column":34}},"5":{"start":{"line":34,"column":21},"end":{"line":34,"column":70}},"6":{"start":{"line":36,"column":2},"end":{"line":36,"column":30}},"7":{"start":{"line":39,"column":24},"end":{"line":42,"column":1}},"8":{"start":{"line":40,"column":22},"end":{"line":40,"column":38}},"9":{"start":{"line":41,"column":2},"end":{"line":41,"column":31}},"10":{"start":{"line":45,"column":2},"end":{"line":78,"column":4}}},"fnMap":{"0":{"name":"(anonymous_0)","decl":{"start":{"line":29,"column":25},"end":{"line":29,"column":26}},"loc":{"start":{"line":29,"column":31},"end":{"line":37,"column":1}},"line":29},"1":{"name":"(anonymous_1)","decl":{"start":{"line":39,"column":24},"end":{"line":39,"column":25}},"loc":{"start":{"line":39,"column":30},"end":{"line":42,"column":1}},"line":39},"2":{"name":"SettingsScreen","decl":{"start":{"line":44,"column":9},"end":{"line":44,"column":23}},"loc":{"start":{"line":44,"column":26},"end":{"line":79,"column":1}},"line":44}},"branchMap":{},"s":{"0":1,"1":1,"2":1,"3":1,"4":1,"5":1,"6":1,"7":1,"8":1,"9":1,"10":3},"f":{"0":1,"1":1,"2":3},"b":{},"_coverageSchema":"1a1c01bbd47fc00a2c39e90264f33305004495a9","hash":"0f916a5baaf7a3788f8a4af6de135e84d9f0e6bd"}
,"C:\\ecomerse\\productApp\\app\\screens\\SingleCategoryScreen.js": {"path":"C:\\ecomerse\\productApp\\app\\screens\\SingleCategoryScreen.js","statementMap":{"0":{"start":{"line":10,"column":15},"end":{"line":45,"column":2}},"1":{"start":{"line":48,"column":20},"end":{"line":48,"column":57}},"2":{"start":{"line":48,"column":43},"end":{"line":48,"column":56}},"3":{"start":{"line":49,"column":2},"end":{"line":57,"column":4}},"4":{"start":{"line":52,"column":32},"end":{"line":52,"column":73}},"5":{"start":{"line":53,"column":10},"end":{"line":53,"column":48}},"6":{"start":{"line":60,"column":0},"end":{"line":68,"column":2}}},"fnMap":{"0":{"name":"SingleCategoryScreen","decl":{"start":{"line":47,"column":9},"end":{"line":47,"column":29}},"loc":{"start":{"line":47,"column":41},"end":{"line":58,"column":1}},"line":47},"1":{"name":"(anonymous_1)","decl":{"start":{"line":48,"column":32},"end":{"line":48,"column":33}},"loc":{"start":{"line":48,"column":43},"end":{"line":48,"column":56}},"line":48},"2":{"name":"(anonymous_2)","decl":{"start":{"line":52,"column":22},"end":{"line":52,"column":23}},"loc":{"start":{"line":52,"column":32},"end":{"line":52,"column":73}},"line":52},"3":{"name":"(anonymous_3)","decl":{"start":{"line":52,"column":80},"end":{"line":52,"column":81}},"loc":{"start":{"line":53,"column":10},"end":{"line":53,"column":48}},"line":53}},"branchMap":{},"s":{"0":1,"1":1,"2":2,"3":1,"4":1,"5":1,"6":1},"f":{"0":1,"1":2,"2":1,"3":1},"b":{},"_coverageSchema":"1a1c01bbd47fc00a2c39e90264f33305004495a9","hash":"9725f5bc8ce89271dbdb19d0b1b7105d484b8a5d"}
,"C:\\ecomerse\\productApp\\app\\utils\\FetchAll.js": {"path":"C:\\ecomerse\\productApp\\app\\utils\\FetchAll.js","statementMap":{"0":{"start":{"line":1,"column":17},"end":{"line":5,"column":1}},"1":{"start":{"line":2,"column":19},"end":{"line":2,"column":35}},"2":{"start":{"line":3,"column":15},"end":{"line":3,"column":36}},"3":{"start":{"line":4,"column":2},"end":{"line":4,"column":14}}},"fnMap":{"0":{"name":"(anonymous_0)","decl":{"start":{"line":1,"column":17},"end":{"line":1,"column":18}},"loc":{"start":{"line":1,"column":32},"end":{"line":5,"column":1}},"line":1}},"branchMap":{},"s":{"0":1,"1":1,"2":1,"3":1},"f":{"0":1},"b":{},"_coverageSchema":"1a1c01bbd47fc00a2c39e90264f33305004495a9","hash":"4967eda6877dfe2071e660f3ef334a3541d9702b"}
}
