{"C:\\ecomerse\\productApp\\app\\components\\BlogCard\\index.js": {"path":"C:\\ecomerse\\productApp\\app\\components\\BlogCard\\index.js","statementMap":{"0":{"start":{"line":16,"column":21},"end":{"line":16,"column":36}},"1":{"start":{"line":17,"column":32},"end":{"line":20,"column":3}},"2":{"start":{"line":19,"column":5},"end":{"line":19,"column":45}},"3":{"start":{"line":21,"column":2},"end":{"line":49,"column":1}},"4":{"start":{"line":26,"column":19},"end":{"line":26,"column":59}},"5":{"start":{"line":52,"column":15},"end":{"line":83,"column":2}}},"fnMap":{"0":{"name":"(anonymous_0)","decl":{"start":{"line":11,"column":26},"end":{"line":11,"column":27}},"loc":{"start":{"line":15,"column":5},"end":{"line":50,"column":1}},"line":15},"1":{"name":"(anonymous_1)","decl":{"start":{"line":17,"column":32},"end":{"line":17,"column":33}},"loc":{"start":{"line":17,"column":56},"end":{"line":20,"column":3}},"line":17},"2":{"name":"(anonymous_2)","decl":{"start":{"line":26,"column":13},"end":{"line":26,"column":14}},"loc":{"start":{"line":26,"column":19},"end":{"line":26,"column":59}},"line":26}},"branchMap":{},"s":{"0":1,"1":1,"2":0,"3":1,"4":0,"5":1},"f":{"0":1,"1":0,"2":0},"b":{},"_coverageSchema":"1a1c01bbd47fc00a2c39e90264f33305004495a9","hash":"4969905a09b2b6153772146ce9592adee73a6ef2"}
,"C:\\ecomerse\\productApp\\app\\screens\\DetailsScreen.js": {"path":"C:\\ecomerse\\productApp\\app\\screens\\DetailsScreen.js","statementMap":{"0":{"start":{"line":6,"column":18},"end":{"line":6,"column":36}},"1":{"start":{"line":7,"column":4},"end":{"line":13,"column":6}}},"fnMap":{"0":{"name":"DetailsScreen","decl":{"start":{"line":4,"column":9},"end":{"line":4,"column":22}},"loc":{"start":{"line":4,"column":45},"end":{"line":14,"column":3}},"line":4}},"branchMap":{},"s":{"0":2,"1":2},"f":{"0":2},"b":{},"_coverageSchema":"1a1c01bbd47fc00a2c39e90264f33305004495a9","hash":"fe1cbd2ebd396a35ec2a933bddd8b7cc0faf62bb"}
,"C:\\ecomerse\\productApp\\app\\screens\\SingleCategoryScreen.js": {"path":"C:\\ecomerse\\productApp\\app\\screens\\SingleCategoryScreen.js","statementMap":{"0":{"start":{"line":8,"column":28},"end":{"line":8,"column":63}},"1":{"start":{"line":8,"column":49},"end":{"line":8,"column":62}},"2":{"start":{"line":9,"column":4},"end":{"line":22,"column":6}},"3":{"start":{"line":13,"column":30},"end":{"line":13,"column":71}},"4":{"start":{"line":15,"column":20},"end":{"line":17,"column":46}},"5":{"start":{"line":24,"column":15},"end":{"line":59,"column":2}}},"fnMap":{"0":{"name":"(anonymous_0)","decl":{"start":{"line":7,"column":38},"end":{"line":7,"column":39}},"loc":{"start":{"line":7,"column":51},"end":{"line":23,"column":1}},"line":7},"1":{"name":"(anonymous_1)","decl":{"start":{"line":8,"column":40},"end":{"line":8,"column":41}},"loc":{"start":{"line":8,"column":49},"end":{"line":8,"column":62}},"line":8},"2":{"name":"(anonymous_2)","decl":{"start":{"line":13,"column":20},"end":{"line":13,"column":21}},"loc":{"start":{"line":13,"column":30},"end":{"line":13,"column":71}},"line":13},"3":{"name":"(anonymous_3)","decl":{"start":{"line":14,"column":23},"end":{"line":14,"column":24}},"loc":{"start":{"line":15,"column":20},"end":{"line":17,"column":46}},"line":15}},"branchMap":{"0":{"loc":{"start":{"line":8,"column":12},"end":{"line":8,"column":22}},"type":"default-arg","locations":[{"start":{"line":8,"column":20},"end":{"line":8,"column":22}}],"line":8}},"s":{"0":1,"1":2,"2":1,"3":1,"4":1,"5":1},"f":{"0":1,"1":2,"2":1,"3":1},"b":{"0":[0]},"_coverageSchema":"1a1c01bbd47fc00a2c39e90264f33305004495a9","hash":"395732a69b43522a18915cc21ebe307cbee71921"}
}
