TN:
SF:app\components\BlogCard\index.js
FN:11,(anonymous_0)
FN:17,(anonymous_1)
FN:26,(anonymous_2)
FNF:3
FNH:1
FNDA:1,(anonymous_0)
FNDA:0,(anonymous_1)
FNDA:0,(anonymous_2)
DA:16,1
DA:17,1
DA:19,0
DA:21,1
DA:26,0
DA:52,1
LF:6
LH:4
BRF:0
BRH:0
end_of_record
TN:
SF:app\screens\DetailsScreen.js
FN:4,DetailsScreen
FNF:1
FNH:1
FNDA:2,DetailsScreen
DA:6,2
DA:7,2
LF:2
LH:2
BRF:0
BRH:0
end_of_record
TN:
SF:app\screens\SingleCategoryScreen.js
FN:7,(anonymous_0)
FN:8,(anonymous_1)
FN:13,(anonymous_2)
FN:14,(anonymous_3)
FNF:4
FNH:4
FNDA:1,(anonymous_0)
FNDA:2,(anonymous_1)
FNDA:1,(anonymous_2)
FNDA:1,(anonymous_3)
DA:8,2
DA:9,1
DA:13,1
DA:15,1
DA:24,1
LF:5
LH:5
BRDA:8,0,0,0
BRF:1
BRH:0
end_of_record
