TN:
SF:app\Const\urls.js
FNF:0
FNH:0
DA:1,1
DA:2,1
LF:2
LH:2
BRF:0
BRH:0
end_of_record
TN:
SF:app\components\BlogCard\index.js
FN:40,BlogCard
FN:42,(anonymous_1)
FN:48,(anonymous_2)
FNF:3
FNH:3
FNDA:3,BlogCard
FNDA:1,(anonymous_1)
FNDA:1,(anonymous_2)
DA:7,3
DA:41,3
DA:42,3
DA:43,1
DA:45,3
DA:48,1
DA:72,3
LF:7
LH:7
BRF:0
BRH:0
end_of_record
TN:
SF:app\components\CategoryItem\index.js
FN:7,CategoryItem
FN:13,(anonymous_1)
FNF:2
FNH:2
FNDA:2,CategoryItem
FNDA:1,(anonymous_1)
DA:8,2
DA:10,2
DA:14,1
DA:27,2
LF:4
LH:4
BRF:0
BRH:0
end_of_record
TN:
SF:app\components\FullBlog\index.js
FN:38,FullBlog
FNF:1
FNH:1
FNDA:2,FullBlog
DA:6,2
DA:39,2
DA:77,2
LF:3
LH:3
BRF:0
BRH:0
end_of_record
TN:
SF:app\components\HorizontalList\index.js
FN:10,HorizontalList
FN:17,(anonymous_1)
FN:18,(anonymous_2)
FNF:3
FNH:3
FNDA:4,HorizontalList
FNDA:4,(anonymous_1)
FNDA:2,(anonymous_2)
DA:11,4
DA:17,4
DA:19,2
DA:26,2
LF:4
LH:4
BRF:0
BRH:0
end_of_record
TN:
SF:app\redux\categorySlice.js
FN:11,(anonymous_0)
FN:24,(anonymous_1)
FN:26,(anonymous_2)
FN:32,(anonymous_3)
FN:41,(anonymous_4)
FNF:5
FNH:5
FNDA:2,(anonymous_0)
FNDA:2,(anonymous_1)
FNDA:2,(anonymous_2)
FNDA:1,(anonymous_3)
FNDA:1,(anonymous_4)
DA:3,2
DA:9,2
DA:12,2
DA:13,1
DA:14,1
DA:18,2
DA:25,2
DA:26,2
DA:33,1
DA:34,1
DA:35,1
DA:42,1
DA:43,1
DA:44,1
LF:14
LH:14
BRF:0
BRH:0
end_of_record
TN:
SF:app\redux\counterSlice.js
FN:11,(anonymous_0)
FN:24,(anonymous_1)
FN:26,(anonymous_2)
FN:36,(anonymous_3)
FN:45,(anonymous_4)
FNF:5
FNH:5
FNDA:2,(anonymous_0)
FNDA:2,(anonymous_1)
FNDA:2,(anonymous_2)
FNDA:1,(anonymous_3)
FNDA:1,(anonymous_4)
DA:3,2
DA:9,2
DA:12,2
DA:13,1
DA:14,1
DA:18,2
DA:25,2
DA:27,2
DA:28,2
DA:29,2
DA:37,1
DA:38,1
DA:39,1
DA:46,1
DA:47,1
DA:48,1
DA:59,2
LF:17
LH:17
BRF:0
BRH:0
end_of_record
TN:
SF:app\screens\DetailsScreen.js
FN:6,DetailsScreen
FNF:1
FNH:1
FNDA:1,DetailsScreen
DA:8,1
DA:9,1
LF:2
LH:2
BRF:0
BRH:0
end_of_record
TN:
SF:app\screens\HomeScreen.js
FN:50,HomeScreen
FN:53,(anonymous_1)
FN:59,(anonymous_2)
FN:60,(anonymous_3)
FN:66,(anonymous_4)
FNF:5
FNH:4
FNDA:3,HomeScreen
FNDA:2,(anonymous_1)
FNDA:4,(anonymous_2)
FNDA:4,(anonymous_3)
FNDA:0,(anonymous_4)
DA:14,1
DA:51,3
DA:53,3
DA:54,2
DA:56,2
DA:59,4
DA:60,4
DA:62,2
DA:67,0
LF:9
LH:8
BRDA:66,0,0,2
BRDA:66,0,1,2
BRDA:70,1,0,2
BRDA:70,1,1,1
BRF:4
BRH:4
end_of_record
TN:
SF:app\screens\SettingsScreen.js
FN:29,(anonymous_0)
FN:39,(anonymous_1)
FN:44,SettingsScreen
FNF:3
FNH:3
FNDA:1,(anonymous_0)
FNDA:1,(anonymous_1)
FNDA:3,SettingsScreen
DA:8,1
DA:29,1
DA:30,1
DA:31,1
DA:32,1
DA:34,1
DA:36,1
DA:39,1
DA:40,1
DA:41,1
DA:45,3
LF:11
LH:11
BRF:0
BRH:0
end_of_record
TN:
SF:app\screens\SingleCategoryScreen.js
FN:47,SingleCategoryScreen
FN:48,(anonymous_1)
FN:52,(anonymous_2)
FN:52,(anonymous_3)
FNF:4
FNH:4
FNDA:1,SingleCategoryScreen
FNDA:2,(anonymous_1)
FNDA:1,(anonymous_2)
FNDA:1,(anonymous_3)
DA:10,1
DA:48,2
DA:49,1
DA:52,1
DA:53,1
DA:60,1
LF:6
LH:6
BRF:0
BRH:0
end_of_record
TN:
SF:app\utils\FetchAll.js
FN:1,(anonymous_0)
FNF:1
FNH:1
FNDA:1,(anonymous_0)
DA:1,1
DA:2,1
DA:3,1
DA:4,1
LF:4
LH:4
BRF:0
BRH:0
end_of_record
